Release 14.2 - xst P.28xd (nt64)
Copyright (c) 1995-2012 Xilinx, Inc.  All rights reserved.
--> Parameter TMPDIR set to xst/projnav.tmp


Total REAL time to Xst completion: 0.00 secs
Total CPU time to Xst completion: 0.15 secs
 
--> Parameter xsthdpdir set to xst


Total REAL time to Xst completion: 0.00 secs
Total CPU time to Xst completion: 0.15 secs
 
--> Reading design: simpleUsbDevice.prj

TABLE OF CONTENTS
  1) Synthesis Options Summary
  2) HDL Parsing
  3) HDL Elaboration
  4) HDL Synthesis
       4.1) HDL Synthesis Report
  5) Advanced HDL Synthesis
       5.1) Advanced HDL Synthesis Report
  6) Low Level Synthesis
  7) Partition Report
  8) Design Summary
       8.1) Primitive and Black Box Usage
       8.2) Device utilization summary
       8.3) Partition Resource Summary
       8.4) Timing Report
            8.4.1) Clock Information
            8.4.2) Asynchronous Control Signals Information
            8.4.3) Timing Summary
            8.4.4) Timing Details
            8.4.5) Cross Clock Domains Report


=========================================================================
*                      Synthesis Options Summary                        *
=========================================================================
---- Source Parameters
Input File Name                    : "simpleUsbDevice.prj"
Ignore Synthesis Constraint File   : NO

---- Target Parameters
Output File Name                   : "simpleUsbDevice"
Output Format                      : NGC
Target Device                      : xc6slx9-3-tqg144

---- Source Options
Top Module Name                    : simpleUsbDevice
Automatic FSM Extraction           : YES
FSM Encoding Algorithm             : Auto
Safe Implementation                : No
FSM Style                          : LUT
RAM Extraction                     : Yes
RAM Style                          : Auto
ROM Extraction                     : Yes
Shift Register Extraction          : YES
ROM Style                          : Auto
Resource Sharing                   : YES
Asynchronous To Synchronous        : NO
Shift Register Minimum Size        : 2
Use DSP Block                      : Auto
Automatic Register Balancing       : No

---- Target Options
LUT Combining                      : Auto
Reduce Control Sets                : Auto
Add IO Buffers                     : YES
Global Maximum Fanout              : 100000
Add Generic Clock Buffer(BUFG)     : 16
Register Duplication               : YES
Optimize Instantiated Primitives   : NO
Use Clock Enable                   : Auto
Use Synchronous Set                : Auto
Use Synchronous Reset              : Auto
Pack IO Registers into IOBs        : Auto
Equivalent register Removal        : YES

---- General Options
Optimization Goal                  : Speed
Optimization Effort                : 1
Power Reduction                    : NO
Keep Hierarchy                     : No
Netlist Hierarchy                  : As_Optimized
RTL Output                         : Yes
Global Optimization                : AllClockNets
Read Cores                         : YES
Write Timing Constraints           : NO
Cross Clock Analysis               : NO
Hierarchy Separator                : /
Bus Delimiter                      : <>
Case Specifier                     : Maintain
Slice Utilization Ratio            : 100
BRAM Utilization Ratio             : 100
DSP48 Utilization Ratio            : 100
Auto BRAM Packing                  : NO
Slice Utilization Ratio Delta      : 5

---- Other Options
Cores Search Directories           : {"ipcore_dir"  }

=========================================================================


=========================================================================
*                          HDL Parsing                                  *
=========================================================================
Analyzing Verilog file "D:\Projects\simpleUsbDevice\ipcore_dir\clkSrc.v" into library work
Parsing module <clkSrc>.
Analyzing Verilog file "D:\Projects\simpleUsbDevice\ipcore_dir\clkSrc\example_design\clkSrc_exdes.v" into library work
Parsing module <clkSrc_exdes>.
Analyzing Verilog file "D:\Projects\simpleUsbDevice\ls_usb_send.v" into library work
Parsing module <ls_usb_send>.
Analyzing Verilog file "D:\Projects\simpleUsbDevice\ls_usb_recv.v" into library work
Parsing module <ls_usb_recv>.
Analyzing Verilog file "D:\Projects\simpleUsbDevice\ls_usb_core.v" into library work
Parsing module <ls_usb_core>.
Analyzing Verilog file "D:\Projects\simpleUsbDevice\simpleUsbDevice.vf" into library work
Parsing module <simpleUsbDevice>.

=========================================================================
*                            HDL Elaboration                            *
=========================================================================
WARNING:HDLCompiler:25 - "D:\Projects\simpleUsbDevice\simpleUsbDevice.vf" Line 84: Module <clkSrc> does not have a port named <clk_in1>.
WARNING:HDLCompiler:25 - "D:\Projects\simpleUsbDevice\simpleUsbDevice.vf" Line 85: Module <clkSrc> does not have a port named <clk_out1>.
WARNING:HDLCompiler:1016 - "D:\Projects\simpleUsbDevice\simpleUsbDevice.vf" Line 84: Port CLK_IN1 is not connected to this instance

Elaborating module <simpleUsbDevice>.

Elaborating module <ls_usb_core>.

Elaborating module <ls_usb_send>.

Elaborating module <ls_usb_recv>.

Elaborating module <BUFGCE>.

Elaborating module <clkSrc>.

Elaborating module <IBUFG>.

Elaborating module <DCM_SP(CLKDV_DIVIDE=10.0,CLKFX_DIVIDE=20,CLKFX_MULTIPLY=2,CLKIN_DIVIDE_BY_2="FALSE",CLKIN_PERIOD=20.0,CLKOUT_PHASE_SHIFT="NONE",CLK_FEEDBACK="1X",DESKEW_ADJUST="SYSTEM_SYNCHRONOUS",PHASE_SHIFT=0,STARTUP_WAIT="FALSE")>.
WARNING:HDLCompiler:1127 - "D:\Projects\simpleUsbDevice\ipcore_dir\clkSrc.v" Line 126: Assignment to locked_int ignored, since the identifier is never used
WARNING:HDLCompiler:1127 - "D:\Projects\simpleUsbDevice\ipcore_dir\clkSrc.v" Line 127: Assignment to status_int ignored, since the identifier is never used

Elaborating module <BUFG>.
ERROR:HDLCompiler:267 - "D:\Projects\simpleUsbDevice\simpleUsbDevice.vf" Line 84: Cannot find port clk_in1 on this module
ERROR:HDLCompiler:267 - "D:\Projects\simpleUsbDevice\simpleUsbDevice.vf" Line 85: Cannot find port clk_out1 on this module
Module simpleUsbDevice remains a blackbox, due to errors in its contents
WARNING:HDLCompiler:1499 - "D:\Projects\simpleUsbDevice\simpleUsbDevice.vf" Line 23: Empty module <simpleUsbDevice> remains a black box.
--> 

Total memory usage is 4467932 kilobytes

Number of errors   :    2 (   0 filtered)
Number of warnings :    6 (   0 filtered)
Number of infos    :    0 (   0 filtered)

